<?xml version="1.0" encoding="UTF-8"?>
<summary Implementation-Title="Canoo Webtest" Implementation-Version="R_1411">
    <testresult endtime="Mon Oct 02 23:51:01 BST 2006" location=": "
        starttime="Mon Oct 02 23:50:24 BST 2006" successful="yes" testspecname="Bookmark basic operations: view list, create new entry, view, edit, delete, view">
        <config>
            <parameter name="protocol" value="http"/>
            <parameter name="summary" value="yes"/>
            <parameter name="saveresponse" value="yes"/>
            <parameter name="timeout" value="300"/>
            <parameter name="haltonerror" value="no"/>
            <parameter name="resultfile" value="WebTestResults.xml"/>
            <parameter name="port" value="8080"/>
            <parameter name="failureproperty" value="webTestFailure"/>
            <parameter name="showhtmlparseroutput" value="yes"/>
            <parameter name="resultpath" value="/Developer/grails-apps/bookmarks/webtest/reports"/>
            <parameter name="host" value="localhost"/>
            <parameter name="haltonfailure" value="no"/>
            <parameter name="basepath" value="bookmarks"/>
            <parameter name="saveprefix" value="response"/>
            <parameter name="errorproperty" value="webTestError"/>
        </config>
        <results>
            <step>
                <parameter name="resultFilename" value="response_1159829438560_invoke.html"/>
                <parameter name="taskName" value="invoke"/>
                <parameter name="url" value="bookmark"/>
                <result>
                    <completed duration="14490"/>
                </result>
                <htmlparser>
                    <error col="69" line="5"
                        url="http://localhost:8080/bookmarks/bookmark/list;jsessionid=91iqk9p47cq83?">Missing
                        attribute name.</error>
                    <error col="69" line="5"
                        url="http://localhost:8080/bookmarks/bookmark/list;jsessionid=91iqk9p47cq83?">Missing
                        attribute name.</error>
                    <error col="45" line="6"
                        url="http://localhost:8080/bookmarks/bookmark/list;jsessionid=91iqk9p47cq83?">Missing
                        attribute name.</error>
                    <error col="59" line="12"
                        url="http://localhost:8080/bookmarks/bookmark/list;jsessionid=91iqk9p47cq83?">Missing
                        attribute name.</error>
                    <error col="85" line="14"
                        url="http://localhost:8080/bookmarks/bookmark/list;jsessionid=91iqk9p47cq83?">Missing
                        attribute name.</error>
                </htmlparser>
            </step>
            <step>
                <parameter name="taskName" value="verifyText"/>
                <parameter name="text" value="Home"/>
                <result>
                    <completed duration="19"/>
                </result>
            </step>
            <step>
                <parameter name="description" value="verify Bookmark list view with 0 row(s)"/>
                <parameter name="taskName" value="group"/>
                <result>
                    <completed duration="33"/>
                </result>
                <step>
                    <parameter name="taskName" value="verifyText"/>
                    <parameter name="text" value="Bookmark List"/>
                    <result>
                        <completed duration="1"/>
                    </result>
                </step>
                <step>
                    <parameter name="description" value="0 row(s) of data expected"/>
                    <parameter name="taskName" value="verifyXPath"/>
                    <parameter name="text" value="0"/>
                    <parameter name="xpath" value="count(//td[@class='actionButtons']/..)"/>
                    <result>
                        <completed duration="30"/>
                    </result>
                </step>
            </step>
            <step>
                <parameter name="label" value="New Bookmark"/>
                <parameter name="resultFilename" value="response_1159829441998_clickLink.html"/>
                <parameter name="taskName" value="clickLink"/>
                <result>
                    <completed duration="3328"/>
                </result>
                <htmlparser>
                    <error col="69" line="5"
                        url="http://localhost:8080/bookmarks/bookmark/create">Missing attribute name.</error>
                    <error col="69" line="5"
                        url="http://localhost:8080/bookmarks/bookmark/create">Missing attribute name.</error>
                    <error col="45" line="6"
                        url="http://localhost:8080/bookmarks/bookmark/create">Missing attribute name.</error>
                    <error col="59" line="12"
                        url="http://localhost:8080/bookmarks/bookmark/create">Missing attribute name.</error>
                    <error col="85" line="14"
                        url="http://localhost:8080/bookmarks/bookmark/create">Missing attribute name.</error>
                    <error col="193" line="28"
                        url="http://localhost:8080/bookmarks/bookmark/create">Missing attribute name.</error>
                    <error col="193" line="30"
                        url="http://localhost:8080/bookmarks/bookmark/create">Missing attribute name.</error>
                    <error col="187" line="32"
                        url="http://localhost:8080/bookmarks/bookmark/create">Missing attribute name.</error>
                </htmlparser>
            </step>
            <step>
                <parameter name="taskName" value="verifyText"/>
                <parameter name="text" value="Create Bookmark"/>
                <result>
                    <completed duration="1"/>
                </result>
            </step>
            <step>
                <parameter name="name" value="url"/>
                <parameter name="nested text" value="http://grails.org"/>
                <parameter name="taskName" value="setInputField"/>
                <result>
                    <completed duration="20"/>
                </result>
            </step>
            <step>
                <parameter name="name" value="title"/>
                <parameter name="nested text" value="Grails"/>
                <parameter name="taskName" value="setInputField"/>
                <result>
                    <completed duration="1"/>
                </result>
            </step>
            <step>
                <parameter name="label" value="Create"/>
                <parameter name="resultFilename" value="response_1159829446196_clickButton.html"/>
                <parameter name="taskName" value="clickButton"/>
                <result>
                    <completed duration="4174"/>
                </result>
                <htmlparser>
                    <error col="69" line="5"
                        url="http://localhost:8080/bookmarks/bookmark/show/1">Missing attribute name.</error>
                    <error col="69" line="5"
                        url="http://localhost:8080/bookmarks/bookmark/show/1">Missing attribute name.</error>
                    <error col="46" line="6"
                        url="http://localhost:8080/bookmarks/bookmark/show/1">Missing attribute name.</error>
                    <error col="59" line="12"
                        url="http://localhost:8080/bookmarks/bookmark/show/1">Missing attribute name.</error>
                    <error col="85" line="14"
                        url="http://localhost:8080/bookmarks/bookmark/show/1">Missing attribute name.</error>
                    <error col="59" line="70"
                        url="http://localhost:8080/bookmarks/bookmark/show/1">Missing attribute name.</error>
                    <error col="87" line="71"
                        url="http://localhost:8080/bookmarks/bookmark/show/1">Missing attribute name.</error>
                    <error col="89" line="73"
                        url="http://localhost:8080/bookmarks/bookmark/show/1">Missing attribute name.</error>
                </htmlparser>
            </step>
            <step>
                <parameter name="description" value="Detail page"/>
                <parameter name="taskName" value="verifyText"/>
                <parameter name="text" value="Show Bookmark"/>
                <result>
                    <completed duration="2"/>
                </result>
            </step>
            <step>
                <parameter name="description" value="Back to list view"/>
                <parameter name="label" value="List"/>
                <parameter name="resultFilename" value="response_1159829447832_clickLink.html"/>
                <parameter name="taskName" value="clickLink"/>
                <result>
                    <completed duration="1634"/>
                </result>
                <htmlparser>
                    <error col="69" line="5"
                        url="http://localhost:8080/bookmarks/bookmark/list">Missing attribute name.</error>
                    <error col="69" line="5"
                        url="http://localhost:8080/bookmarks/bookmark/list">Missing attribute name.</error>
                    <error col="45" line="6"
                        url="http://localhost:8080/bookmarks/bookmark/list">Missing attribute name.</error>
                    <error col="59" line="12"
                        url="http://localhost:8080/bookmarks/bookmark/list">Missing attribute name.</error>
                    <error col="85" line="14"
                        url="http://localhost:8080/bookmarks/bookmark/list">Missing attribute name.</error>
                </htmlparser>
            </step>
            <step>
                <parameter name="description" value="verify Bookmark list view with 1 row(s)"/>
                <parameter name="taskName" value="group"/>
                <result>
                    <completed duration="41"/>
                </result>
                <step>
                    <parameter name="taskName" value="verifyText"/>
                    <parameter name="text" value="Bookmark List"/>
                    <result>
                        <completed duration="1"/>
                    </result>
                </step>
                <step>
                    <parameter name="description" value="1 row(s) of data expected"/>
                    <parameter name="taskName" value="verifyXPath"/>
                    <parameter name="text" value="1"/>
                    <parameter name="xpath" value="count(//td[@class='actionButtons']/..)"/>
                    <result>
                        <completed duration="38"/>
                    </result>
                </step>
            </step>
            <step>
                <parameter name="description" value="Edit the Bookmark"/>
                <parameter name="taskName" value="group"/>
                <result>
                    <completed duration="9129"/>
                </result>
                <step>
                    <parameter name="description" value="go to detail view"/>
                    <parameter name="label" value="Show"/>
                    <parameter name="resultFilename" value="response_1159829449533_clickLink.html"/>
                    <parameter name="taskName" value="clickLink"/>
                    <result>
                        <completed duration="1659"/>
                    </result>
                    <htmlparser>
                        <error col="69" line="5"
                            url="http://localhost:8080/bookmarks/bookmark/show/1">Missing attribute name.</error>
                        <error col="69" line="5"
                            url="http://localhost:8080/bookmarks/bookmark/show/1">Missing attribute name.</error>
                        <error col="46" line="6"
                            url="http://localhost:8080/bookmarks/bookmark/show/1">Missing attribute name.</error>
                        <error col="59" line="12"
                            url="http://localhost:8080/bookmarks/bookmark/show/1">Missing attribute name.</error>
                        <error col="85" line="14"
                            url="http://localhost:8080/bookmarks/bookmark/show/1">Missing attribute name.</error>
                        <error col="59" line="70"
                            url="http://localhost:8080/bookmarks/bookmark/show/1">Missing attribute name.</error>
                        <error col="87" line="71"
                            url="http://localhost:8080/bookmarks/bookmark/show/1">Missing attribute name.</error>
                        <error col="89" line="73"
                            url="http://localhost:8080/bookmarks/bookmark/show/1">Missing attribute name.</error>
                    </htmlparser>
                </step>
                <step>
                    <parameter name="label" value="Edit"/>
                    <parameter name="resultFilename" value="response_1159829452976_clickButton.html"/>
                    <parameter name="taskName" value="clickButton"/>
                    <result>
                        <completed duration="3442"/>
                    </result>
                    <htmlparser>
                        <error col="69" line="5"
                            url="http://localhost:8080/bookmarks/bookmark">Missing attribute name.</error>
                        <error col="69" line="5"
                            url="http://localhost:8080/bookmarks/bookmark">Missing attribute name.</error>
                        <error col="45" line="6"
                            url="http://localhost:8080/bookmarks/bookmark">Missing attribute name.</error>
                        <error col="59" line="12"
                            url="http://localhost:8080/bookmarks/bookmark">Missing attribute name.</error>
                        <error col="85" line="14"
                            url="http://localhost:8080/bookmarks/bookmark">Missing attribute name.</error>
                        <error col="58" line="26"
                            url="http://localhost:8080/bookmarks/bookmark">Missing attribute name.</error>
                        <error col="57" line="29"
                            url="http://localhost:8080/bookmarks/bookmark">Missing attribute name.</error>
                        <error col="163" line="35"
                            url="http://localhost:8080/bookmarks/bookmark">Missing attribute name.</error>
                        <error col="169" line="43"
                            url="http://localhost:8080/bookmarks/bookmark">Missing attribute name.</error>
                        <error col="174" line="45"
                            url="http://localhost:8080/bookmarks/bookmark">Missing attribute name.</error>
                        <error col="93" line="51"
                            url="http://localhost:8080/bookmarks/bookmark">Missing attribute name.</error>
                        <error col="93" line="53"
                            url="http://localhost:8080/bookmarks/bookmark">Missing attribute name.</error>
                    </htmlparser>
                </step>
                <step>
                    <parameter name="taskName" value="verifyText"/>
                    <parameter name="text" value="Edit Bookmark"/>
                    <result>
                        <completed duration="2"/>
                    </result>
                </step>
                <step>
                    <parameter name="name" value="notes"/>
                    <parameter name="taskName" value="setInputField"/>
                    <parameter name="value" value="Test Notes"/>
                    <result>
                        <completed duration="2"/>
                    </result>
                </step>
                <step>
                    <parameter name="label" value="Update"/>
                    <parameter name="resultFilename" value="response_1159829455395_clickButton.html"/>
                    <parameter name="taskName" value="clickButton"/>
                    <result>
                        <completed duration="2416"/>
                    </result>
                    <htmlparser>
                        <error col="69" line="5"
                            url="http://localhost:8080/bookmarks/bookmark/show/1">Missing attribute name.</error>
                        <error col="69" line="5"
                            url="http://localhost:8080/bookmarks/bookmark/show/1">Missing attribute name.</error>
                        <error col="46" line="6"
                            url="http://localhost:8080/bookmarks/bookmark/show/1">Missing attribute name.</error>
                        <error col="59" line="12"
                            url="http://localhost:8080/bookmarks/bookmark/show/1">Missing attribute name.</error>
                        <error col="85" line="14"
                            url="http://localhost:8080/bookmarks/bookmark/show/1">Missing attribute name.</error>
                        <error col="59" line="70"
                            url="http://localhost:8080/bookmarks/bookmark/show/1">Missing attribute name.</error>
                        <error col="87" line="71"
                            url="http://localhost:8080/bookmarks/bookmark/show/1">Missing attribute name.</error>
                        <error col="89" line="73"
                            url="http://localhost:8080/bookmarks/bookmark/show/1">Missing attribute name.</error>
                    </htmlparser>
                </step>
                <step>
                    <parameter name="taskName" value="verifyText"/>
                    <parameter name="text" value="Show Bookmark"/>
                    <result>
                        <completed duration="2"/>
                    </result>
                </step>
                <step>
                    <parameter name="taskName" value="verifyText"/>
                    <parameter name="text" value="Test Notes"/>
                    <result>
                        <completed duration="2"/>
                    </result>
                </step>
                <step>
                    <parameter name="description" value="Back to list view"/>
                    <parameter name="label" value="List"/>
                    <parameter name="resultFilename" value="response_1159829457001_clickLink.html"/>
                    <parameter name="taskName" value="clickLink"/>
                    <result>
                        <completed duration="1603"/>
                    </result>
                    <htmlparser>
                        <error col="69" line="5"
                            url="http://localhost:8080/bookmarks/bookmark/list">Missing attribute name.</error>
                        <error col="69" line="5"
                            url="http://localhost:8080/bookmarks/bookmark/list">Missing attribute name.</error>
                        <error col="45" line="6"
                            url="http://localhost:8080/bookmarks/bookmark/list">Missing attribute name.</error>
                        <error col="59" line="12"
                            url="http://localhost:8080/bookmarks/bookmark/list">Missing attribute name.</error>
                        <error col="85" line="14"
                            url="http://localhost:8080/bookmarks/bookmark/list">Missing attribute name.</error>
                    </htmlparser>
                </step>
            </step>
            <step>
                <parameter name="description" value="verify Bookmark list view with 1 row(s)"/>
                <parameter name="taskName" value="group"/>
                <result>
                    <completed duration="6"/>
                </result>
                <step>
                    <parameter name="taskName" value="verifyText"/>
                    <parameter name="text" value="Bookmark List"/>
                    <result>
                        <completed duration="1"/>
                    </result>
                </step>
                <step>
                    <parameter name="description" value="1 row(s) of data expected"/>
                    <parameter name="taskName" value="verifyXPath"/>
                    <parameter name="text" value="1"/>
                    <parameter name="xpath" value="count(//td[@class='actionButtons']/..)"/>
                    <result>
                        <completed duration="4"/>
                    </result>
                </step>
            </step>
            <step>
                <parameter name="description" value="Delete the Bookmark"/>
                <parameter name="taskName" value="group"/>
                <result>
                    <completed duration="4066"/>
                </result>
                <step>
                    <parameter name="description" value="go to detail view"/>
                    <parameter name="label" value="Show"/>
                    <parameter name="resultFilename" value="response_1159829458642_clickLink.html"/>
                    <parameter name="taskName" value="clickLink"/>
                    <result>
                        <completed duration="1633"/>
                    </result>
                    <htmlparser>
                        <error col="69" line="5"
                            url="http://localhost:8080/bookmarks/bookmark/show/1">Missing attribute name.</error>
                        <error col="69" line="5"
                            url="http://localhost:8080/bookmarks/bookmark/show/1">Missing attribute name.</error>
                        <error col="46" line="6"
                            url="http://localhost:8080/bookmarks/bookmark/show/1">Missing attribute name.</error>
                        <error col="59" line="12"
                            url="http://localhost:8080/bookmarks/bookmark/show/1">Missing attribute name.</error>
                        <error col="85" line="14"
                            url="http://localhost:8080/bookmarks/bookmark/show/1">Missing attribute name.</error>
                        <error col="59" line="70"
                            url="http://localhost:8080/bookmarks/bookmark/show/1">Missing attribute name.</error>
                        <error col="87" line="71"
                            url="http://localhost:8080/bookmarks/bookmark/show/1">Missing attribute name.</error>
                        <error col="89" line="73"
                            url="http://localhost:8080/bookmarks/bookmark/show/1">Missing attribute name.</error>
                    </htmlparser>
                </step>
                <step>
                    <parameter name="label" value="Delete"/>
                    <parameter name="resultFilename" value="response_1159829461056_clickButton.html"/>
                    <parameter name="taskName" value="clickButton"/>
                    <result>
                        <completed duration="2414"/>
                    </result>
                    <htmlparser>
                        <error col="69" line="5"
                            url="http://localhost:8080/bookmarks/bookmark/list">Missing attribute name.</error>
                        <error col="69" line="5"
                            url="http://localhost:8080/bookmarks/bookmark/list">Missing attribute name.</error>
                        <error col="45" line="6"
                            url="http://localhost:8080/bookmarks/bookmark/list">Missing attribute name.</error>
                        <error col="59" line="12"
                            url="http://localhost:8080/bookmarks/bookmark/list">Missing attribute name.</error>
                        <error col="85" line="14"
                            url="http://localhost:8080/bookmarks/bookmark/list">Missing attribute name.</error>
                    </htmlparser>
                </step>
                <step>
                    <parameter name="regex" value="true"/>
                    <parameter name="taskName" value="verifyXPath"/>
                    <parameter name="text" value="Bookmark.*deleted."/>
                    <parameter name="xpath" value="//div[@class='message']"/>
                    <result>
                        <completed duration="18"/>
                    </result>
                </step>
            </step>
            <step>
                <parameter name="description" value="verify Bookmark list view with 0 row(s)"/>
                <parameter name="taskName" value="group"/>
                <result>
                    <completed duration="11"/>
                </result>
                <step>
                    <parameter name="taskName" value="verifyText"/>
                    <parameter name="text" value="Bookmark List"/>
                    <result>
                        <completed duration="1"/>
                    </result>
                </step>
                <step>
                    <parameter name="description" value="0 row(s) of data expected"/>
                    <parameter name="taskName" value="verifyXPath"/>
                    <parameter name="text" value="0"/>
                    <parameter name="xpath" value="count(//td[@class='actionButtons']/..)"/>
                    <result>
                        <completed duration="4"/>
                    </result>
                </step>
            </step>
        </results>
    </testresult>
</summary>
